<?xml version="1.0" encoding="UTF-8"?>
<coverage generated="1789323603696" clover="3.2.0">
  <project timestamp="1789323603696" name="All files">
    <metrics statements="25" coveredstatements="16" conditionals="29" coveredconditionals="21" methods="8" coveredmethods="7" elements="62" coveredelements="44" complexity="0" loc="25" ncloc="25" packages="1" files="2" classes="2"/>
    <file name="Incident.ts" path="C:\Users\cpaqu\OneDrive\Documents\School Stuff\SER 401\MAIN PROJECT\IBDC\IBDC-expo\domain\Incident.ts">
      <metrics statements="3" coveredstatements="3" conditionals="10" coveredconditionals="10" methods="2" coveredmethods="2"/>
      <line num="56" count="9" type="stmt"/>
      <line num="57" count="15" type="cond" truecount="2" falsecount="0"/>
      <line num="58" count="9" type="stmt"/>
    </file>
    <file name="RideSessionView.ts" path="C:\Users\cpaqu\OneDrive\Documents\School Stuff\SER 401\MAIN PROJECT\IBDC\IBDC-expo\domain\RideSessionView.ts">
      <metrics statements="22" coveredstatements="13" conditionals="19" coveredconditionals="11" methods="6" coveredmethods="5"/>
      <line num="3" count="1" type="stmt"/>
      <line num="25" count="1" type="stmt"/>
      <line num="38" count="9" type="stmt"/>
      <line num="39" count="9" type="stmt"/>
      <line num="52" count="4" type="stmt"/>
      <line num="53" count="18" type="cond" truecount="4" falsecount="0"/>
      <line num="54" count="7" type="stmt"/>
      <line num="58" count="11" type="cond" truecount="2" falsecount="0"/>
      <line num="62" count="11" type="cond" truecount="2" falsecount="0"/>
      <line num="65" count="11" type="cond" truecount="2" falsecount="0"/>
      <line num="78" count="1" type="stmt"/>
      <line num="79" count="1" type="stmt"/>
      <line num="81" count="1" type="stmt"/>
      <line num="98" count="0" type="cond" truecount="0" falsecount="8"/>
      <line num="100" count="0" type="stmt"/>
      <line num="106" count="0" type="stmt"/>
      <line num="113" count="0" type="stmt"/>
      <line num="120" count="0" type="stmt"/>
      <line num="129" count="0" type="stmt"/>
      <line num="135" count="0" type="stmt"/>
      <line num="144" count="0" type="stmt"/>
      <line num="150" count="0" type="stmt"/>
    </file>
  </project>
</coverage>
