TN:
SF:domain\Incident.ts
FN:55,isIncidentComplete
FN:56,(anonymous_1)
FNF:2
FNH:2
FNDA:9,isIncidentComplete
FNDA:15,(anonymous_1)
DA:56,9
DA:57,15
DA:58,9
LF:3
LH:3
BRDA:57,0,0,15
BRDA:57,0,1,15
BRDA:59,1,0,9
BRDA:59,1,1,9
BRDA:59,1,2,9
BRDA:59,1,3,9
BRDA:59,1,4,5
BRDA:59,1,5,5
BRDA:59,1,6,5
BRDA:59,1,7,5
BRF:10
BRH:10
end_of_record
TN:
SF:domain\RideSessionView.ts
FN:35,sessionHasActionRequired
FN:39,(anonymous_1)
FN:47,filterRideSessions
FN:52,(anonymous_3)
FN:73,paginateRideSessions
FN:94,rideSessionViewReducer
FNF:6
FNH:5
FNDA:9,sessionHasActionRequired
FNDA:9,(anonymous_1)
FNDA:4,filterRideSessions
FNDA:18,(anonymous_3)
FNDA:1,paginateRideSessions
FNDA:0,rideSessionViewReducer
DA:3,1
DA:25,1
DA:38,9
DA:39,9
DA:52,4
DA:53,18
DA:54,7
DA:58,11
DA:62,11
DA:65,11
DA:78,1
DA:79,1
DA:81,1
DA:98,0
DA:100,0
DA:106,0
DA:113,0
DA:120,0
DA:129,0
DA:135,0
DA:144,0
DA:150,0
LF:22
LH:13
BRDA:53,0,0,7
BRDA:53,0,1,11
BRDA:53,1,0,18
BRDA:53,1,1,11
BRDA:58,2,0,11
BRDA:58,2,1,7
BRDA:62,3,0,11
BRDA:62,3,1,7
BRDA:65,4,0,11
BRDA:65,4,1,7
BRDA:76,5,0,1
BRDA:98,6,0,0
BRDA:98,6,1,0
BRDA:98,6,2,0
BRDA:98,6,3,0
BRDA:98,6,4,0
BRDA:98,6,5,0
BRDA:98,6,6,0
BRDA:98,6,7,0
BRF:19
BRH:11
end_of_record
